0 info it worked if it ends with ok
1 verbose cli [ 'node',
1 verbose cli   '/usr/local/bin/npm',
1 verbose cli   'install',
1 verbose cli   'gitbook-plugin-autocover' ]
2 info using npm@1.4.23
3 info using node@v0.10.31
4 verbose config Skipping project config: /Users/gragusa/.npmrc. (matches userconfig)
5 verbose cache add [ 'gitbook-plugin-autocover', null ]
6 verbose cache add name=undefined spec="gitbook-plugin-autocover" args=["gitbook-plugin-autocover",null]
7 verbose parsed url { protocol: null,
7 verbose parsed url   slashes: null,
7 verbose parsed url   auth: null,
7 verbose parsed url   host: null,
7 verbose parsed url   port: null,
7 verbose parsed url   hostname: null,
7 verbose parsed url   hash: null,
7 verbose parsed url   search: null,
7 verbose parsed url   query: null,
7 verbose parsed url   pathname: 'gitbook-plugin-autocover',
7 verbose parsed url   path: 'gitbook-plugin-autocover',
7 verbose parsed url   href: 'gitbook-plugin-autocover' }
8 silly lockFile ccb91afe-gitbook-plugin-autocover gitbook-plugin-autocover
9 verbose lock gitbook-plugin-autocover /Users/gragusa/.npm/ccb91afe-gitbook-plugin-autocover.lock
10 silly lockFile ccb91afe-gitbook-plugin-autocover gitbook-plugin-autocover
11 silly lockFile ccb91afe-gitbook-plugin-autocover gitbook-plugin-autocover
12 verbose addNamed [ 'gitbook-plugin-autocover', '' ]
13 verbose addNamed [ null, '*' ]
14 silly lockFile 3d8a05b5-gitbook-plugin-autocover gitbook-plugin-autocover@
15 verbose lock gitbook-plugin-autocover@ /Users/gragusa/.npm/3d8a05b5-gitbook-plugin-autocover.lock
16 silly addNameRange { name: 'gitbook-plugin-autocover', range: '*', hasData: false }
17 verbose request where is /gitbook-plugin-autocover
18 verbose request registry https://registry.npmjs.org/
19 verbose request id 4238cffee3a098dd
20 verbose url raw /gitbook-plugin-autocover
21 verbose url resolving [ 'https://registry.npmjs.org/', './gitbook-plugin-autocover' ]
22 verbose url resolved https://registry.npmjs.org/gitbook-plugin-autocover
23 verbose request where is https://registry.npmjs.org/gitbook-plugin-autocover
24 info trying registry request attempt 1 at 11:23:52
25 verbose etag "6MHH5RCZQI0WQHEZUCBKRDIET"
26 http GET https://registry.npmjs.org/gitbook-plugin-autocover
27 http 304 https://registry.npmjs.org/gitbook-plugin-autocover
28 silly registry.get cb [ 304,
28 silly registry.get   { date: 'Fri, 12 Sep 2014 09:23:52 GMT',
28 silly registry.get     server: 'Apache',
28 silly registry.get     via: '1.1 varnish',
28 silly registry.get     'last-modified': 'Fri, 12 Sep 2014 09:23:53 GMT',
28 silly registry.get     'cache-control': 'max-age=60',
28 silly registry.get     etag: '"6MHH5RCZQI0WQHEZUCBKRDIET"',
28 silly registry.get     'x-served-by': 'cache-fra1224-FRA',
28 silly registry.get     'x-cache': 'MISS',
28 silly registry.get     'x-cache-hits': '0',
28 silly registry.get     'x-timer': 'S1410513832.994342,VS0,VE175',
28 silly registry.get     vary: 'Accept',
28 silly registry.get     'content-length': '0',
28 silly registry.get     'keep-alive': 'timeout=10, max=50',
28 silly registry.get     connection: 'Keep-Alive' } ]
29 verbose etag https://registry.npmjs.org/gitbook-plugin-autocover from cache
30 silly addNameRange number 2 { name: 'gitbook-plugin-autocover', range: '*', hasData: true }
31 silly addNameRange versions [ 'gitbook-plugin-autocover',
31 silly addNameRange   [ '0.0.1',
31 silly addNameRange     '0.0.2',
31 silly addNameRange     '0.0.3',
31 silly addNameRange     '0.0.4',
31 silly addNameRange     '0.0.5',
31 silly addNameRange     '1.0.0',
31 silly addNameRange     '1.0.1',
31 silly addNameRange     '1.0.2',
31 silly addNameRange     '1.0.3',
31 silly addNameRange     '1.1.0',
31 silly addNameRange     '1.1.1',
31 silly addNameRange     '1.2.0' ] ]
32 verbose addNamed [ 'gitbook-plugin-autocover', '1.2.0' ]
33 verbose addNamed [ '1.2.0', '1.2.0' ]
34 silly lockFile 9e9b57f0-gitbook-plugin-autocover-1-2-0 gitbook-plugin-autocover@1.2.0
35 verbose lock gitbook-plugin-autocover@1.2.0 /Users/gragusa/.npm/9e9b57f0-gitbook-plugin-autocover-1-2-0.lock
36 silly lockFile 9e9b57f0-gitbook-plugin-autocover-1-2-0 gitbook-plugin-autocover@1.2.0
37 silly lockFile 9e9b57f0-gitbook-plugin-autocover-1-2-0 gitbook-plugin-autocover@1.2.0
38 silly lockFile 3d8a05b5-gitbook-plugin-autocover gitbook-plugin-autocover@
39 silly lockFile 3d8a05b5-gitbook-plugin-autocover gitbook-plugin-autocover@
40 silly resolved [ { name: 'gitbook-plugin-autocover',
40 silly resolved     description: 'Generate a cover for a gitbook',
40 silly resolved     main: 'index.js',
40 silly resolved     version: '1.2.0',
40 silly resolved     engines: { gitbook: '*' },
40 silly resolved     dependencies: { canvas: '1.1.6', lodash: '2.4.1', q: '1.0.1' },
40 silly resolved     homepage: 'https://github.com/GitbookIO/plugin-autocover',
40 silly resolved     repository:
40 silly resolved      { type: 'git',
40 silly resolved        url: 'https://github.com/GitbookIO/plugin-autocover.git' },
40 silly resolved     license: 'Apache 2',
40 silly resolved     bugs: { url: 'https://github.com/GitbookIO/plugin-autocover/issues' },
40 silly resolved     _id: 'gitbook-plugin-autocover@1.2.0',
40 silly resolved     dist:
40 silly resolved      { shasum: '81b71b9548a02f98c300d6827e6e2b7bda93b197',
40 silly resolved        tarball: 'http://registry.npmjs.org/gitbook-plugin-autocover/-/gitbook-plugin-autocover-1.2.0.tgz' },
40 silly resolved     _from: 'gitbook-plugin-autocover@',
40 silly resolved     _npmVersion: '1.4.6',
40 silly resolved     _npmUser: { name: 'aarono', email: 'aaron.omullan@gmail.com' },
40 silly resolved     maintainers: [ [Object], [Object] ],
40 silly resolved     directories: {},
40 silly resolved     _shasum: '81b71b9548a02f98c300d6827e6e2b7bda93b197',
40 silly resolved     _resolved: 'https://registry.npmjs.org/gitbook-plugin-autocover/-/gitbook-plugin-autocover-1.2.0.tgz',
40 silly resolved     readme: 'ERROR: No README data found!' } ]
41 info install gitbook-plugin-autocover@1.2.0 into /Users/gragusa
42 info installOne gitbook-plugin-autocover@1.2.0
43 verbose node_modules/gitbook-plugin-autocover unbuild
44 verbose tar unpack /Users/gragusa/.npm/gitbook-plugin-autocover/1.2.0/package.tgz
45 silly lockFile 8c7218d9-modules-gitbook-plugin-autocover tar:///Users/gragusa/node_modules/gitbook-plugin-autocover
46 verbose lock tar:///Users/gragusa/node_modules/gitbook-plugin-autocover /Users/gragusa/.npm/8c7218d9-modules-gitbook-plugin-autocover.lock
47 silly lockFile abe48fbf-ugin-autocover-1-2-0-package-tgz tar:///Users/gragusa/.npm/gitbook-plugin-autocover/1.2.0/package.tgz
48 verbose lock tar:///Users/gragusa/.npm/gitbook-plugin-autocover/1.2.0/package.tgz /Users/gragusa/.npm/abe48fbf-ugin-autocover-1-2-0-package-tgz.lock
49 silly gunzTarPerm modes [ '755', '644' ]
50 silly gunzTarPerm extractEntry package.json
51 silly gunzTarPerm extractEntry .npmignore
52 silly gunzTarPerm extractEntry README.md
53 silly gunzTarPerm extractEntry LICENSE
54 silly gunzTarPerm extractEntry topic.js
55 silly gunzTarPerm extractEntry draw.js
56 silly gunzTarPerm extractEntry test.js
57 silly gunzTarPerm extractEntry index.js
58 silly gunzTarPerm extractEntry published-with-gitbook.png
59 silly gunzTarPerm extractEntry colors.json
60 silly gunzTarPerm extractEntry topics.json
61 silly lockFile 8c7218d9-modules-gitbook-plugin-autocover tar:///Users/gragusa/node_modules/gitbook-plugin-autocover
62 silly lockFile 8c7218d9-modules-gitbook-plugin-autocover tar:///Users/gragusa/node_modules/gitbook-plugin-autocover
63 silly lockFile abe48fbf-ugin-autocover-1-2-0-package-tgz tar:///Users/gragusa/.npm/gitbook-plugin-autocover/1.2.0/package.tgz
64 silly lockFile abe48fbf-ugin-autocover-1-2-0-package-tgz tar:///Users/gragusa/.npm/gitbook-plugin-autocover/1.2.0/package.tgz
65 info preinstall gitbook-plugin-autocover@1.2.0
66 verbose readDependencies using package.json deps
67 verbose readDependencies using package.json deps
68 verbose cache add [ 'canvas@1.1.6', null ]
69 verbose cache add name=undefined spec="canvas@1.1.6" args=["canvas@1.1.6",null]
70 verbose parsed url { protocol: null,
70 verbose parsed url   slashes: null,
70 verbose parsed url   auth: null,
70 verbose parsed url   host: null,
70 verbose parsed url   port: null,
70 verbose parsed url   hostname: null,
70 verbose parsed url   hash: null,
70 verbose parsed url   search: null,
70 verbose parsed url   query: null,
70 verbose parsed url   pathname: 'canvas@1.1.6',
70 verbose parsed url   path: 'canvas@1.1.6',
70 verbose parsed url   href: 'canvas@1.1.6' }
71 verbose cache add [ 'lodash@2.4.1', null ]
72 verbose cache add name=undefined spec="lodash@2.4.1" args=["lodash@2.4.1",null]
73 verbose parsed url { protocol: null,
73 verbose parsed url   slashes: null,
73 verbose parsed url   auth: null,
73 verbose parsed url   host: null,
73 verbose parsed url   port: null,
73 verbose parsed url   hostname: null,
73 verbose parsed url   hash: null,
73 verbose parsed url   search: null,
73 verbose parsed url   query: null,
73 verbose parsed url   pathname: 'lodash@2.4.1',
73 verbose parsed url   path: 'lodash@2.4.1',
73 verbose parsed url   href: 'lodash@2.4.1' }
74 verbose cache add name="canvas" spec="1.1.6" args=["canvas","1.1.6"]
75 verbose parsed url { protocol: null,
75 verbose parsed url   slashes: null,
75 verbose parsed url   auth: null,
75 verbose parsed url   host: null,
75 verbose parsed url   port: null,
75 verbose parsed url   hostname: null,
75 verbose parsed url   hash: null,
75 verbose parsed url   search: null,
75 verbose parsed url   query: null,
75 verbose parsed url   pathname: '1.1.6',
75 verbose parsed url   path: '1.1.6',
75 verbose parsed url   href: '1.1.6' }
76 verbose addNamed [ 'canvas', '1.1.6' ]
77 verbose addNamed [ '1.1.6', '1.1.6' ]
78 silly lockFile 4f76786f-canvas-1-1-6 canvas@1.1.6
79 verbose lock canvas@1.1.6 /Users/gragusa/.npm/4f76786f-canvas-1-1-6.lock
80 verbose cache add [ 'q@1.0.1', null ]
81 verbose cache add name=undefined spec="q@1.0.1" args=["q@1.0.1",null]
82 verbose parsed url { protocol: null,
82 verbose parsed url   slashes: null,
82 verbose parsed url   auth: null,
82 verbose parsed url   host: null,
82 verbose parsed url   port: null,
82 verbose parsed url   hostname: null,
82 verbose parsed url   hash: null,
82 verbose parsed url   search: null,
82 verbose parsed url   query: null,
82 verbose parsed url   pathname: 'q@1.0.1',
82 verbose parsed url   path: 'q@1.0.1',
82 verbose parsed url   href: 'q@1.0.1' }
83 verbose cache add name="lodash" spec="2.4.1" args=["lodash","2.4.1"]
84 verbose parsed url { protocol: null,
84 verbose parsed url   slashes: null,
84 verbose parsed url   auth: null,
84 verbose parsed url   host: null,
84 verbose parsed url   port: null,
84 verbose parsed url   hostname: null,
84 verbose parsed url   hash: null,
84 verbose parsed url   search: null,
84 verbose parsed url   query: null,
84 verbose parsed url   pathname: '2.4.1',
84 verbose parsed url   path: '2.4.1',
84 verbose parsed url   href: '2.4.1' }
85 verbose addNamed [ 'lodash', '2.4.1' ]
86 verbose addNamed [ '2.4.1', '2.4.1' ]
87 silly lockFile 8502be2a-lodash-2-4-1 lodash@2.4.1
88 verbose lock lodash@2.4.1 /Users/gragusa/.npm/8502be2a-lodash-2-4-1.lock
89 verbose cache add name="q" spec="1.0.1" args=["q","1.0.1"]
90 verbose parsed url { protocol: null,
90 verbose parsed url   slashes: null,
90 verbose parsed url   auth: null,
90 verbose parsed url   host: null,
90 verbose parsed url   port: null,
90 verbose parsed url   hostname: null,
90 verbose parsed url   hash: null,
90 verbose parsed url   search: null,
90 verbose parsed url   query: null,
90 verbose parsed url   pathname: '1.0.1',
90 verbose parsed url   path: '1.0.1',
90 verbose parsed url   href: '1.0.1' }
91 verbose addNamed [ 'q', '1.0.1' ]
92 verbose addNamed [ '1.0.1', '1.0.1' ]
93 silly lockFile 5720ee24-q-1-0-1 q@1.0.1
94 verbose lock q@1.0.1 /Users/gragusa/.npm/5720ee24-q-1-0-1.lock
95 verbose request where is /canvas
96 verbose request registry https://registry.npmjs.org/
97 verbose url raw /canvas
98 verbose url resolving [ 'https://registry.npmjs.org/', './canvas' ]
99 verbose url resolved https://registry.npmjs.org/canvas
100 verbose request where is https://registry.npmjs.org/canvas
101 info trying registry request attempt 1 at 11:23:53
102 verbose etag "9I5J6E7HHR9LAM9S0L1FVD28P"
103 http GET https://registry.npmjs.org/canvas
104 verbose request where is /lodash
105 verbose request registry https://registry.npmjs.org/
106 verbose url raw /lodash
107 verbose url resolving [ 'https://registry.npmjs.org/', './lodash' ]
108 verbose url resolved https://registry.npmjs.org/lodash
109 verbose request where is https://registry.npmjs.org/lodash
110 info trying registry request attempt 1 at 11:23:53
111 verbose etag "AJGTJSEIL2V8M6BXPFDPC0BK6"
112 http GET https://registry.npmjs.org/lodash
113 verbose request where is /q
114 verbose request registry https://registry.npmjs.org/
115 verbose url raw /q
116 verbose url resolving [ 'https://registry.npmjs.org/', './q' ]
117 verbose url resolved https://registry.npmjs.org/q
118 verbose request where is https://registry.npmjs.org/q
119 info trying registry request attempt 1 at 11:23:53
120 verbose etag "1A0ZPXGV4OA2RO4UNS6J1H3HV"
121 http GET https://registry.npmjs.org/q
122 http 304 https://registry.npmjs.org/lodash
123 silly registry.get cb [ 304,
123 silly registry.get   { date: 'Fri, 12 Sep 2014 09:23:53 GMT',
123 silly registry.get     server: 'Apache',
123 silly registry.get     via: '1.1 varnish',
123 silly registry.get     'last-modified': 'Fri, 12 Sep 2014 09:23:26 GMT',
123 silly registry.get     'cache-control': 'max-age=60',
123 silly registry.get     etag: '"AJGTJSEIL2V8M6BXPFDPC0BK6"',
123 silly registry.get     'x-served-by': 'cache-fra1225-FRA',
123 silly registry.get     'x-cache': 'HIT',
123 silly registry.get     'x-cache-hits': '3',
123 silly registry.get     'x-timer': 'S1410513833.370460,VS0,VE0',
123 silly registry.get     vary: 'Accept',
123 silly registry.get     'content-length': '0',
123 silly registry.get     'keep-alive': 'timeout=10, max=50',
123 silly registry.get     connection: 'Keep-Alive' } ]
124 verbose etag https://registry.npmjs.org/lodash from cache
125 http 304 https://registry.npmjs.org/q
126 silly registry.get cb [ 304,
126 silly registry.get   { date: 'Fri, 12 Sep 2014 09:23:53 GMT',
126 silly registry.get     server: 'Apache',
126 silly registry.get     via: '1.1 varnish',
126 silly registry.get     'last-modified': 'Fri, 12 Sep 2014 09:23:53 GMT',
126 silly registry.get     'cache-control': 'max-age=60',
126 silly registry.get     etag: '"1A0ZPXGV4OA2RO4UNS6J1H3HV"',
126 silly registry.get     'x-served-by': 'cache-fra1226-FRA',
126 silly registry.get     'x-cache': 'HIT',
126 silly registry.get     'x-cache-hits': '1',
126 silly registry.get     'x-timer': 'S1410513833.371279,VS0,VE0',
126 silly registry.get     vary: 'Accept',
126 silly registry.get     'content-length': '0',
126 silly registry.get     'keep-alive': 'timeout=10, max=50',
126 silly registry.get     connection: 'Keep-Alive' } ]
127 verbose etag https://registry.npmjs.org/q from cache
128 silly lockFile 8502be2a-lodash-2-4-1 lodash@2.4.1
129 silly lockFile 8502be2a-lodash-2-4-1 lodash@2.4.1
130 silly lockFile 5720ee24-q-1-0-1 q@1.0.1
131 silly lockFile 5720ee24-q-1-0-1 q@1.0.1
132 http 304 https://registry.npmjs.org/canvas
133 silly registry.get cb [ 304,
133 silly registry.get   { date: 'Fri, 12 Sep 2014 09:23:53 GMT',
133 silly registry.get     server: 'Apache',
133 silly registry.get     via: '1.1 varnish',
133 silly registry.get     'last-modified': 'Fri, 12 Sep 2014 09:23:53 GMT',
133 silly registry.get     'cache-control': 'max-age=60',
133 silly registry.get     etag: '"9I5J6E7HHR9LAM9S0L1FVD28P"',
133 silly registry.get     'x-served-by': 'cache-fra1228-FRA',
133 silly registry.get     'x-cache': 'HIT',
133 silly registry.get     'x-cache-hits': '1',
133 silly registry.get     'x-timer': 'S1410513833.370308,VS0,VE422',
133 silly registry.get     vary: 'Accept',
133 silly registry.get     'content-length': '0',
133 silly registry.get     'keep-alive': 'timeout=10, max=50',
133 silly registry.get     connection: 'Keep-Alive' } ]
134 verbose etag https://registry.npmjs.org/canvas from cache
135 silly lockFile 4f76786f-canvas-1-1-6 canvas@1.1.6
136 silly lockFile 4f76786f-canvas-1-1-6 canvas@1.1.6
137 silly resolved [ { name: 'lodash',
137 silly resolved     version: '2.4.1',
137 silly resolved     description: 'A utility library delivering consistency, customization, performance, & extras.',
137 silly resolved     homepage: 'http://lodash.com/',
137 silly resolved     license: 'MIT',
137 silly resolved     main: 'dist/lodash.js',
137 silly resolved     keywords:
137 silly resolved      [ 'amd',
137 silly resolved        'browser',
137 silly resolved        'client',
137 silly resolved        'customize',
137 silly resolved        'functional',
137 silly resolved        'server',
137 silly resolved        'util' ],
137 silly resolved     author:
137 silly resolved      { name: 'John-David Dalton',
137 silly resolved        email: 'john.david.dalton@gmail.com',
137 silly resolved        url: 'http://allyoucanleet.com/' },
137 silly resolved     contributors: [ [Object], [Object], [Object], [Object] ],
137 silly resolved     bugs: { url: 'https://github.com/lodash/lodash/issues' },
137 silly resolved     repository: { type: 'git', url: 'https://github.com/lodash/lodash.git' },
137 silly resolved     engines: [ 'node', 'rhino' ],
137 silly resolved     files:
137 silly resolved      [ 'LICENSE.txt',
137 silly resolved        'lodash.js',
137 silly resolved        'dist/lodash.js',
137 silly resolved        'dist/lodash.min.js',
137 silly resolved        'dist/lodash.compat.js',
137 silly resolved        'dist/lodash.compat.min.js',
137 silly resolved        'dist/lodash.underscore.js',
137 silly resolved        'dist/lodash.underscore.min.js' ],
137 silly resolved     jam: { main: 'dist/lodash.compat.js', include: [Object] },
137 silly resolved     volo: { type: 'directory', ignore: [Object] },
137 silly resolved     _id: 'lodash@2.4.1',
137 silly resolved     dist:
137 silly resolved      { shasum: '5b7723034dda4d262e5a46fb2c58d7cc22f71420',
137 silly resolved        tarball: 'http://registry.npmjs.org/lodash/-/lodash-2.4.1.tgz' },
137 silly resolved     _from: 'lodash@2.4.1',
137 silly resolved     _npmVersion: '1.3.14',
137 silly resolved     _npmUser: { name: 'jdalton', email: 'john.david.dalton@gmail.com' },
137 silly resolved     maintainers: [ [Object], [Object], [Object], [Object] ],
137 silly resolved     directories: {},
137 silly resolved     _shasum: '5b7723034dda4d262e5a46fb2c58d7cc22f71420',
137 silly resolved     _resolved: 'https://registry.npmjs.org/lodash/-/lodash-2.4.1.tgz',
137 silly resolved     readme: 'ERROR: No README data found!' },
137 silly resolved   { name: 'q',
137 silly resolved     version: '1.0.1',
137 silly resolved     description: 'A library for promises (CommonJS/Promises/A,B,D)',
137 silly resolved     homepage: 'https://github.com/kriskowal/q',
137 silly resolved     author:
137 silly resolved      { name: 'Kris Kowal',
137 silly resolved        email: 'kris@cixar.com',
137 silly resolved        url: 'https://github.com/kriskowal' },
137 silly resolved     keywords:
137 silly resolved      [ 'q',
137 silly resolved        'promise',
137 silly resolved        'promises',
137 silly resolved        'promises-a',
137 silly resolved        'promises-aplus',
137 silly resolved        'deferred',
137 silly resolved        'future',
137 silly resolved        'async',
137 silly resolved        'flow control',
137 silly resolved        'fluent',
137 silly resolved        'browser',
137 silly resolved        'node' ],
137 silly resolved     contributors: [ [Object], [Object], [Object] ],
137 silly resolved     bugs: { url: 'http://github.com/kriskowal/q/issues' },
137 silly resolved     license:
137 silly resolved      { type: 'MIT',
137 silly resolved        url: 'http://github.com/kriskowal/q/raw/master/LICENSE' },
137 silly resolved     main: 'q.js',
137 silly resolved     repository: { type: 'git', url: 'git://github.com/kriskowal/q.git' },
137 silly resolved     engines: { node: '>=0.6.0', teleport: '>=0.2.0' },
137 silly resolved     dependencies: {},
137 silly resolved     devDependencies:
137 silly resolved      { jshint: '~2.1.9',
137 silly resolved        cover: '*',
137 silly resolved        'jasmine-node': '1.11.0',
137 silly resolved        opener: '*',
137 silly resolved        'promises-aplus-tests': '1.x',
137 silly resolved        grunt: '~0.4.1',
137 silly resolved        'grunt-cli': '~0.1.9',
137 silly resolved        'grunt-contrib-uglify': '~0.2.2',
137 silly resolved        matcha: '~0.2.0' },
137 silly resolved     scripts:
137 silly resolved      { test: 'jasmine-node spec && promises-aplus-tests spec/aplus-adapter',
137 silly resolved        'test-browser': 'opener spec/q-spec.html',
137 silly resolved        benchmark: 'matcha',
137 silly resolved        lint: 'jshint q.js',
137 silly resolved        cover: 'cover run node_modules/jasmine-node/bin/jasmine-node spec && cover report html && opener cover_html/index.html',
137 silly resolved        minify: 'grunt',
137 silly resolved        prepublish: 'grunt' },
137 silly resolved     overlay: { teleport: [Object] },
137 silly resolved     directories: { test: './spec' },
137 silly resolved     _id: 'q@1.0.1',
137 silly resolved     dist:
137 silly resolved      { shasum: '11872aeedee89268110b10a718448ffb10112a14',
137 silly resolved        tarball: 'http://registry.npmjs.org/q/-/q-1.0.1.tgz' },
137 silly resolved     _from: 'q@1.0.1',
137 silly resolved     _npmVersion: '1.4.4',
137 silly resolved     _npmUser: { name: 'kriskowal', email: 'kris.kowal@cixar.com' },
137 silly resolved     maintainers: [ [Object], [Object] ],
137 silly resolved     _shasum: '11872aeedee89268110b10a718448ffb10112a14',
137 silly resolved     _resolved: 'https://registry.npmjs.org/q/-/q-1.0.1.tgz',
137 silly resolved     readme: 'ERROR: No README data found!' },
137 silly resolved   { name: 'canvas',
137 silly resolved     description: 'Canvas graphics API backed by Cairo',
137 silly resolved     version: '1.1.6',
137 silly resolved     author: { name: 'TJ Holowaychuk', email: 'tj@learnboost.com' },
137 silly resolved     contributors: [ [Object], [Object], [Object] ],
137 silly resolved     keywords:
137 silly resolved      [ 'canvas',
137 silly resolved        'graphic',
137 silly resolved        'graphics',
137 silly resolved        'pixman',
137 silly resolved        'cairo',
137 silly resolved        'image',
137 silly resolved        'images',
137 silly resolved        'pdf' ],
137 silly resolved     homepage: 'https://github.com/learnboost/node-canvas',
137 silly resolved     repository: { type: 'git', url: 'git://github.com/learnboost/node-canvas' },
137 silly resolved     scripts: { test: 'make test', install: 'node-gyp rebuild' },
137 silly resolved     dependencies: { nan: '~1.2.0' },
137 silly resolved     devDependencies: { express: '3.0', jade: '0.28.1', mocha: '*', should: '*' },
137 silly resolved     engines: { node: '>= 0.6.0' },
137 silly resolved     main: './lib/canvas.js',
137 silly resolved     gypfile: true,
137 silly resolved     gitHead: '138abe9aa30b75e8406ceddd9177bff20ac44ceb',
137 silly resolved     bugs: { url: 'https://github.com/learnboost/node-canvas/issues' },
137 silly resolved     _id: 'canvas@1.1.6',
137 silly resolved     _shasum: 'd84b088f3bcd3840fe14977cd3625f5fe89f81ee',
137 silly resolved     _from: 'canvas@1.1.6',
137 silly resolved     _npmVersion: '1.4.21',
137 silly resolved     _npmUser: { name: 'tootallnate', email: 'nathan@tootallnate.net' },
137 silly resolved     maintainers: [ [Object], [Object], [Object], [Object] ],
137 silly resolved     dist:
137 silly resolved      { shasum: 'd84b088f3bcd3840fe14977cd3625f5fe89f81ee',
137 silly resolved        tarball: 'http://registry.npmjs.org/canvas/-/canvas-1.1.6.tgz' },
137 silly resolved     directories: {},
137 silly resolved     _resolved: 'https://registry.npmjs.org/canvas/-/canvas-1.1.6.tgz',
137 silly resolved     readme: 'ERROR: No README data found!' } ]
138 info install lodash@2.4.1 into /Users/gragusa/node_modules/gitbook-plugin-autocover
139 info install q@1.0.1 into /Users/gragusa/node_modules/gitbook-plugin-autocover
140 info install canvas@1.1.6 into /Users/gragusa/node_modules/gitbook-plugin-autocover
141 info installOne lodash@2.4.1
142 info installOne q@1.0.1
143 info installOne canvas@1.1.6
144 verbose node_modules/gitbook-plugin-autocover/node_modules/lodash unbuild
145 verbose node_modules/gitbook-plugin-autocover/node_modules/q unbuild
146 verbose node_modules/gitbook-plugin-autocover/node_modules/canvas unbuild
147 verbose tar unpack /Users/gragusa/.npm/lodash/2.4.1/package.tgz
148 silly lockFile 31fd128c-in-autocover-node-modules-lodash tar:///Users/gragusa/node_modules/gitbook-plugin-autocover/node_modules/lodash
149 verbose lock tar:///Users/gragusa/node_modules/gitbook-plugin-autocover/node_modules/lodash /Users/gragusa/.npm/31fd128c-in-autocover-node-modules-lodash.lock
150 silly lockFile 3008ea4b-usa-npm-lodash-2-4-1-package-tgz tar:///Users/gragusa/.npm/lodash/2.4.1/package.tgz
151 verbose lock tar:///Users/gragusa/.npm/lodash/2.4.1/package.tgz /Users/gragusa/.npm/3008ea4b-usa-npm-lodash-2-4-1-package-tgz.lock
152 verbose tar unpack /Users/gragusa/.npm/q/1.0.1/package.tgz
153 silly lockFile 45cc775f--plugin-autocover-node-modules-q tar:///Users/gragusa/node_modules/gitbook-plugin-autocover/node_modules/q
154 verbose lock tar:///Users/gragusa/node_modules/gitbook-plugin-autocover/node_modules/q /Users/gragusa/.npm/45cc775f--plugin-autocover-node-modules-q.lock
155 silly lockFile 8d0da44a--gragusa-npm-q-1-0-1-package-tgz tar:///Users/gragusa/.npm/q/1.0.1/package.tgz
156 verbose lock tar:///Users/gragusa/.npm/q/1.0.1/package.tgz /Users/gragusa/.npm/8d0da44a--gragusa-npm-q-1-0-1-package-tgz.lock
157 verbose tar unpack /Users/gragusa/.npm/canvas/1.1.6/package.tgz
158 silly lockFile 26fcf3e7-in-autocover-node-modules-canvas tar:///Users/gragusa/node_modules/gitbook-plugin-autocover/node_modules/canvas
159 verbose lock tar:///Users/gragusa/node_modules/gitbook-plugin-autocover/node_modules/canvas /Users/gragusa/.npm/26fcf3e7-in-autocover-node-modules-canvas.lock
160 silly lockFile c6c0772c-usa-npm-canvas-1-1-6-package-tgz tar:///Users/gragusa/.npm/canvas/1.1.6/package.tgz
161 verbose lock tar:///Users/gragusa/.npm/canvas/1.1.6/package.tgz /Users/gragusa/.npm/c6c0772c-usa-npm-canvas-1-1-6-package-tgz.lock
162 silly gunzTarPerm modes [ '755', '644' ]
163 silly gunzTarPerm modes [ '755', '644' ]
164 silly gunzTarPerm modes [ '755', '644' ]
165 silly gunzTarPerm extractEntry package.json
166 silly gunzTarPerm extractEntry package.json
167 silly gunzTarPerm extractEntry package.json
168 silly gunzTarPerm extractEntry README.md
169 silly gunzTarPerm extractEntry lodash.js
170 silly gunzTarPerm extractEntry README.md
171 silly gunzTarPerm extractEntry LICENSE
172 silly gunzTarPerm extractEntry q.js
173 silly gunzTarPerm extractEntry queue.js
174 silly gunzTarPerm extractEntry CONTRIBUTING.md
175 silly gunzTarPerm extractEntry benchmark/compare-with-callbacks.js
176 silly gunzTarPerm extractEntry benchmark/scenarios.js
177 silly gunzTarPerm extractEntry .npmignore
178 silly gunzTarPerm extractEntry index.js
179 silly gunzTarPerm extractEntry History.md
180 silly gunzTarPerm extractEntry Makefile
181 silly gunzTarPerm extractEntry LICENSE.txt
182 silly gunzTarPerm extractEntry Readme.md
183 silly gunzTarPerm extractEntry binding.gyp
184 silly gunzTarPerm extractEntry .gitmodules
185 silly gunzTarPerm extractEntry dist/lodash.compat.js
186 silly gunzTarPerm extractEntry install
187 silly gunzTarPerm extractEntry lib/bindings.js
188 silly gunzTarPerm extractEntry lib/canvas.js
189 silly gunzTarPerm extractEntry lib/context2d.js
190 silly gunzTarPerm extractEntry lib/image.js
191 silly gunzTarPerm extractEntry lib/jpegstream.js
192 silly gunzTarPerm extractEntry dist/lodash.compat.min.js
193 silly gunzTarPerm extractEntry lib/pixelarray.js
194 silly gunzTarPerm extractEntry lib/pngstream.js
195 silly gunzTarPerm extractEntry src/Image.h
196 silly gunzTarPerm extractEntry src/Canvas.cc
197 silly gunzTarPerm extractEntry dist/lodash.js
198 silly gunzTarPerm extractEntry src/CanvasGradient.cc
199 silly gunzTarPerm extractEntry src/CanvasGradient.h
200 silly gunzTarPerm extractEntry src/CanvasPattern.cc
201 silly gunzTarPerm extractEntry src/CanvasPattern.h
202 silly gunzTarPerm extractEntry src/CanvasRenderingContext2d.cc
203 silly gunzTarPerm extractEntry src/CanvasRenderingContext2d.h
204 silly gunzTarPerm extractEntry dist/lodash.min.js
205 silly gunzTarPerm extractEntry src/FontFace.cc
206 silly gunzTarPerm extractEntry src/FontFace.h
207 silly gunzTarPerm extractEntry src/Image.cc
208 silly gunzTarPerm extractEntry src/Canvas.h
209 silly gunzTarPerm extractEntry src/ImageData.cc
210 silly gunzTarPerm extractEntry src/ImageData.h
211 silly gunzTarPerm extractEntry dist/lodash.underscore.js
212 silly gunzTarPerm extractEntry src/JPEGStream.h
213 silly gunzTarPerm extractEntry src/PNG.h
214 silly gunzTarPerm extractEntry src/PixelArray.cc
215 silly gunzTarPerm extractEntry src/PixelArray.h
216 silly lockFile 45cc775f--plugin-autocover-node-modules-q tar:///Users/gragusa/node_modules/gitbook-plugin-autocover/node_modules/q
217 silly lockFile 45cc775f--plugin-autocover-node-modules-q tar:///Users/gragusa/node_modules/gitbook-plugin-autocover/node_modules/q
218 silly lockFile 8d0da44a--gragusa-npm-q-1-0-1-package-tgz tar:///Users/gragusa/.npm/q/1.0.1/package.tgz
219 silly lockFile 8d0da44a--gragusa-npm-q-1-0-1-package-tgz tar:///Users/gragusa/.npm/q/1.0.1/package.tgz
220 silly gunzTarPerm extractEntry src/Point.h
221 silly gunzTarPerm extractEntry src/closure.h
222 silly gunzTarPerm extractEntry dist/lodash.underscore.min.js
223 info preinstall q@1.0.1
224 verbose readDependencies using package.json deps
225 verbose readDependencies using package.json deps
226 silly resolved []
227 verbose about to build /Users/gragusa/node_modules/gitbook-plugin-autocover/node_modules/q
228 info build /Users/gragusa/node_modules/gitbook-plugin-autocover/node_modules/q
229 verbose linkStuff [ false,
229 verbose linkStuff   false,
229 verbose linkStuff   false,
229 verbose linkStuff   '/Users/gragusa/node_modules/gitbook-plugin-autocover/node_modules' ]
230 info linkStuff q@1.0.1
231 verbose linkBins q@1.0.1
232 verbose linkMans q@1.0.1
233 verbose rebuildBundles q@1.0.1
234 info install q@1.0.1
235 info postinstall q@1.0.1
236 silly gunzTarPerm extractEntry src/color.cc
237 silly gunzTarPerm extractEntry src/color.h
238 silly gunzTarPerm extractEntry src/init.cc
239 silly gunzTarPerm extractEntry .travis.yml
240 silly gunzTarPerm extractEntry util/cairo_include.sh
241 silly gunzTarPerm extractEntry util/has_cairo_freetype.sh
242 silly gunzTarPerm extractEntry util/has_lib.sh
243 silly gunzTarPerm extractEntry util/lib_lookup.sh
244 silly lockFile 26fcf3e7-in-autocover-node-modules-canvas tar:///Users/gragusa/node_modules/gitbook-plugin-autocover/node_modules/canvas
245 silly lockFile 26fcf3e7-in-autocover-node-modules-canvas tar:///Users/gragusa/node_modules/gitbook-plugin-autocover/node_modules/canvas
246 silly lockFile c6c0772c-usa-npm-canvas-1-1-6-package-tgz tar:///Users/gragusa/.npm/canvas/1.1.6/package.tgz
247 silly lockFile c6c0772c-usa-npm-canvas-1-1-6-package-tgz tar:///Users/gragusa/.npm/canvas/1.1.6/package.tgz
248 info preinstall canvas@1.1.6
249 verbose readDependencies using package.json deps
250 verbose readDependencies using package.json deps
251 verbose cache add [ 'nan@~1.2.0', null ]
252 verbose cache add name=undefined spec="nan@~1.2.0" args=["nan@~1.2.0",null]
253 verbose parsed url { protocol: null,
253 verbose parsed url   slashes: null,
253 verbose parsed url   auth: null,
253 verbose parsed url   host: null,
253 verbose parsed url   port: null,
253 verbose parsed url   hostname: null,
253 verbose parsed url   hash: null,
253 verbose parsed url   search: null,
253 verbose parsed url   query: null,
253 verbose parsed url   pathname: 'nan@~1.2.0',
253 verbose parsed url   path: 'nan@~1.2.0',
253 verbose parsed url   href: 'nan@~1.2.0' }
254 verbose cache add name="nan" spec="~1.2.0" args=["nan","~1.2.0"]
255 verbose parsed url { protocol: null,
255 verbose parsed url   slashes: null,
255 verbose parsed url   auth: null,
255 verbose parsed url   host: null,
255 verbose parsed url   port: null,
255 verbose parsed url   hostname: null,
255 verbose parsed url   hash: null,
255 verbose parsed url   search: null,
255 verbose parsed url   query: null,
255 verbose parsed url   pathname: '~1.2.0',
255 verbose parsed url   path: '~1.2.0',
255 verbose parsed url   href: '~1.2.0' }
256 verbose addNamed [ 'nan', '~1.2.0' ]
257 verbose addNamed [ null, '>=1.2.0-0 <1.3.0-0' ]
258 silly lockFile 6bb36ab7-nan-1-2-0 nan@~1.2.0
259 verbose lock nan@~1.2.0 /Users/gragusa/.npm/6bb36ab7-nan-1-2-0.lock
260 silly addNameRange { name: 'nan', range: '>=1.2.0-0 <1.3.0-0', hasData: false }
261 verbose request where is /nan
262 verbose request registry https://registry.npmjs.org/
263 verbose url raw /nan
264 verbose url resolving [ 'https://registry.npmjs.org/', './nan' ]
265 verbose url resolved https://registry.npmjs.org/nan
266 verbose request where is https://registry.npmjs.org/nan
267 info trying registry request attempt 1 at 11:23:53
268 verbose etag "EHSGUSL5485V42YB6X3SJ857Q"
269 http GET https://registry.npmjs.org/nan
270 silly lockFile 31fd128c-in-autocover-node-modules-lodash tar:///Users/gragusa/node_modules/gitbook-plugin-autocover/node_modules/lodash
271 silly lockFile 31fd128c-in-autocover-node-modules-lodash tar:///Users/gragusa/node_modules/gitbook-plugin-autocover/node_modules/lodash
272 silly lockFile 3008ea4b-usa-npm-lodash-2-4-1-package-tgz tar:///Users/gragusa/.npm/lodash/2.4.1/package.tgz
273 silly lockFile 3008ea4b-usa-npm-lodash-2-4-1-package-tgz tar:///Users/gragusa/.npm/lodash/2.4.1/package.tgz
274 info preinstall lodash@2.4.1
275 verbose readDependencies using package.json deps
276 verbose readDependencies using package.json deps
277 silly resolved []
278 verbose about to build /Users/gragusa/node_modules/gitbook-plugin-autocover/node_modules/lodash
279 info build /Users/gragusa/node_modules/gitbook-plugin-autocover/node_modules/lodash
280 verbose linkStuff [ false,
280 verbose linkStuff   false,
280 verbose linkStuff   false,
280 verbose linkStuff   '/Users/gragusa/node_modules/gitbook-plugin-autocover/node_modules' ]
281 info linkStuff lodash@2.4.1
282 verbose linkBins lodash@2.4.1
283 verbose linkMans lodash@2.4.1
284 verbose rebuildBundles lodash@2.4.1
285 info install lodash@2.4.1
286 info postinstall lodash@2.4.1
287 http 304 https://registry.npmjs.org/nan
288 silly registry.get cb [ 304,
288 silly registry.get   { date: 'Fri, 12 Sep 2014 09:23:54 GMT',
288 silly registry.get     server: 'Apache',
288 silly registry.get     via: '1.1 varnish',
288 silly registry.get     'last-modified': 'Fri, 12 Sep 2014 09:23:00 GMT',
288 silly registry.get     'cache-control': 'max-age=60',
288 silly registry.get     etag: '"EHSGUSL5485V42YB6X3SJ857Q"',
288 silly registry.get     'x-served-by': 'cache-fra1223-FRA',
288 silly registry.get     'x-cache': 'HIT',
288 silly registry.get     'x-cache-hits': '13',
288 silly registry.get     'x-timer': 'S1410513834.060948,VS0,VE0',
288 silly registry.get     vary: 'Accept',
288 silly registry.get     'content-length': '0',
288 silly registry.get     'keep-alive': 'timeout=10, max=50',
288 silly registry.get     connection: 'Keep-Alive' } ]
289 verbose etag https://registry.npmjs.org/nan from cache
290 silly addNameRange number 2 { name: 'nan', range: '>=1.2.0-0 <1.3.0-0', hasData: true }
291 silly addNameRange versions [ 'nan',
291 silly addNameRange   [ '0.3.0-wip',
291 silly addNameRange     '0.3.0-wip2',
291 silly addNameRange     '0.3.0',
291 silly addNameRange     '0.3.1',
291 silly addNameRange     '0.3.2',
291 silly addNameRange     '0.4.0',
291 silly addNameRange     '0.4.1',
291 silly addNameRange     '0.4.2',
291 silly addNameRange     '0.4.3',
291 silly addNameRange     '0.4.4',
291 silly addNameRange     '0.5.0',
291 silly addNameRange     '0.5.1',
291 silly addNameRange     '0.5.2',
291 silly addNameRange     '0.6.0',
291 silly addNameRange     '0.7.0',
291 silly addNameRange     '0.7.1',
291 silly addNameRange     '0.8.0',
291 silly addNameRange     '1.0.0',
291 silly addNameRange     '1.1.0',
291 silly addNameRange     '1.1.1',
291 silly addNameRange     '1.1.2',
291 silly addNameRange     '1.2.0',
291 silly addNameRange     '1.3.0' ] ]
292 verbose addNamed [ 'nan', '1.2.0' ]
293 verbose addNamed [ '1.2.0', '1.2.0' ]
294 silly lockFile 859d0f28-nan-1-2-0 nan@1.2.0
295 verbose lock nan@1.2.0 /Users/gragusa/.npm/859d0f28-nan-1-2-0.lock
296 silly lockFile 859d0f28-nan-1-2-0 nan@1.2.0
297 silly lockFile 859d0f28-nan-1-2-0 nan@1.2.0
298 silly lockFile 6bb36ab7-nan-1-2-0 nan@~1.2.0
299 silly lockFile 6bb36ab7-nan-1-2-0 nan@~1.2.0
300 silly resolved [ { name: 'nan',
300 silly resolved     version: '1.2.0',
300 silly resolved     description: 'Native Abstractions for Node.js: C++ header for Node 0.8->0.12 compatibility',
300 silly resolved     main: 'include_dirs.js',
300 silly resolved     repository: { type: 'git', url: 'git://github.com/rvagg/nan.git' },
300 silly resolved     contributors: [ [Object], [Object], [Object], [Object], [Object], [Object] ],
300 silly resolved     license: 'MIT',
300 silly resolved     bugs: { url: 'https://github.com/rvagg/nan/issues' },
300 silly resolved     homepage: 'https://github.com/rvagg/nan',
300 silly resolved     _id: 'nan@1.2.0',
300 silly resolved     dist:
300 silly resolved      { shasum: '9c4d63ce9e4f8e95de2d574e18f7925554a8a8ef',
300 silly resolved        tarball: 'http://registry.npmjs.org/nan/-/nan-1.2.0.tgz' },
300 silly resolved     _from: 'nan@~1.2.0',
300 silly resolved     _npmVersion: '1.4.3',
300 silly resolved     _npmUser: { name: 'rvagg', email: 'rod@vagg.org' },
300 silly resolved     maintainers: [ [Object] ],
300 silly resolved     directories: {},
300 silly resolved     _shasum: '9c4d63ce9e4f8e95de2d574e18f7925554a8a8ef',
300 silly resolved     _resolved: 'https://registry.npmjs.org/nan/-/nan-1.2.0.tgz',
300 silly resolved     readme: 'ERROR: No README data found!' } ]
301 info install nan@1.2.0 into /Users/gragusa/node_modules/gitbook-plugin-autocover/node_modules/canvas
302 info installOne nan@1.2.0
303 verbose node_modules/gitbook-plugin-autocover/node_modules/canvas/node_modules/nan unbuild
304 verbose tar unpack /Users/gragusa/.npm/nan/1.2.0/package.tgz
305 silly lockFile ebbc4f2b--modules-canvas-node-modules-nan tar:///Users/gragusa/node_modules/gitbook-plugin-autocover/node_modules/canvas/node_modules/nan
306 verbose lock tar:///Users/gragusa/node_modules/gitbook-plugin-autocover/node_modules/canvas/node_modules/nan /Users/gragusa/.npm/ebbc4f2b--modules-canvas-node-modules-nan.lock
307 silly lockFile 1f25a1c5-ragusa-npm-nan-1-2-0-package-tgz tar:///Users/gragusa/.npm/nan/1.2.0/package.tgz
308 verbose lock tar:///Users/gragusa/.npm/nan/1.2.0/package.tgz /Users/gragusa/.npm/1f25a1c5-ragusa-npm-nan-1-2-0-package-tgz.lock
309 silly gunzTarPerm modes [ '755', '644' ]
310 silly gunzTarPerm extractEntry package.json
311 silly gunzTarPerm extractEntry README.md
312 silly gunzTarPerm extractEntry LICENSE
313 silly gunzTarPerm extractEntry include_dirs.js
314 silly gunzTarPerm extractEntry .dntrc
315 silly gunzTarPerm extractEntry build/config.gypi
316 silly gunzTarPerm extractEntry nan.h
317 silly lockFile ebbc4f2b--modules-canvas-node-modules-nan tar:///Users/gragusa/node_modules/gitbook-plugin-autocover/node_modules/canvas/node_modules/nan
318 silly lockFile ebbc4f2b--modules-canvas-node-modules-nan tar:///Users/gragusa/node_modules/gitbook-plugin-autocover/node_modules/canvas/node_modules/nan
319 silly lockFile 1f25a1c5-ragusa-npm-nan-1-2-0-package-tgz tar:///Users/gragusa/.npm/nan/1.2.0/package.tgz
320 silly lockFile 1f25a1c5-ragusa-npm-nan-1-2-0-package-tgz tar:///Users/gragusa/.npm/nan/1.2.0/package.tgz
321 info preinstall nan@1.2.0
322 verbose readDependencies using package.json deps
323 verbose readDependencies using package.json deps
324 silly resolved []
325 verbose about to build /Users/gragusa/node_modules/gitbook-plugin-autocover/node_modules/canvas/node_modules/nan
326 info build /Users/gragusa/node_modules/gitbook-plugin-autocover/node_modules/canvas/node_modules/nan
327 verbose linkStuff [ false,
327 verbose linkStuff   false,
327 verbose linkStuff   false,
327 verbose linkStuff   '/Users/gragusa/node_modules/gitbook-plugin-autocover/node_modules/canvas/node_modules' ]
328 info linkStuff nan@1.2.0
329 verbose linkBins nan@1.2.0
330 verbose linkMans nan@1.2.0
331 verbose rebuildBundles nan@1.2.0
332 info install nan@1.2.0
333 info postinstall nan@1.2.0
334 verbose about to build /Users/gragusa/node_modules/gitbook-plugin-autocover/node_modules/canvas
335 info build /Users/gragusa/node_modules/gitbook-plugin-autocover/node_modules/canvas
336 verbose linkStuff [ false,
336 verbose linkStuff   false,
336 verbose linkStuff   false,
336 verbose linkStuff   '/Users/gragusa/node_modules/gitbook-plugin-autocover/node_modules' ]
337 info linkStuff canvas@1.1.6
338 verbose linkBins canvas@1.1.6
339 verbose linkMans canvas@1.1.6
340 verbose rebuildBundles canvas@1.1.6
341 verbose rebuildBundles [ 'nan' ]
342 info install canvas@1.1.6
343 verbose unsafe-perm in lifecycle false
344 info canvas@1.1.6 Failed to exec install script
345 verbose node_modules/gitbook-plugin-autocover/node_modules/canvas unbuild
346 info preuninstall canvas@1.1.6
347 info uninstall canvas@1.1.6
348 verbose false,/Users/gragusa/node_modules,/Users/gragusa/node_modules/gitbook-plugin-autocover/node_modules unbuild canvas@1.1.6
349 info postuninstall canvas@1.1.6
350 verbose about to build /Users/gragusa/node_modules/gitbook-plugin-autocover
351 verbose node_modules/gitbook-plugin-autocover unbuild
352 info preuninstall gitbook-plugin-autocover@1.2.0
353 info uninstall gitbook-plugin-autocover@1.2.0
354 verbose true,/Users/gragusa/node_modules,/Users/gragusa/node_modules unbuild gitbook-plugin-autocover@1.2.0
355 info postuninstall gitbook-plugin-autocover@1.2.0
356 error canvas@1.1.6 install: `node-gyp rebuild`
356 error Exit status 1
357 error Failed at the canvas@1.1.6 install script.
357 error This is most likely a problem with the canvas package,
357 error not with npm itself.
357 error Tell the author that this fails on your system:
357 error     node-gyp rebuild
357 error You can get their info via:
357 error     npm owner ls canvas
357 error There is likely additional logging output above.
358 error System Darwin 13.1.0
359 error command "node" "/usr/local/bin/npm" "install" "gitbook-plugin-autocover"
360 error cwd /Users/gragusa/Dropbox/teaching/ase/Rbook-ase/language
361 error node -v v0.10.31
362 error npm -v 1.4.23
363 error code ELIFECYCLE
364 verbose exit [ 1, true ]
